<?xml version="1.0" encoding="UTF-8"?>
<con:testCase discardOkResults="false" failOnError="false" failTestCaseOnErrors="false" id="720982e8-5998-4126-bde7-254f55ca99a1" keepSession="false" name="Test Case 2" searchProperties="true" timeout="0" xmlns:con="http://eviware.com/soapui/config">
  <con:settings>
    <con:setting id="720982e8-5998-4126-bde7-254f55ca99a1fileName">Test-Case-2</con:setting>
  </con:settings>
  <con:testStep type="restrequest" name="REST Request" id="ca134599-1ccd-4430-82f1-61880bc47486">
    <con:settings/>
    <con:config service="Spotify API" resourcePath="/v1/artists/{id}/top-tracks" methodName="Method 1" xsi:type="con:RestRequestStep" xmlns:xsi="http://www.w3.org/2001/XMLSchema-instance">
      <con:restRequest id="dab560e3-0672-4498-b565-cc55ffc15927" mediaType="application/json" name="REST Request">
        <con:settings>
          <con:setting id="com.eviware.soapui.impl.wsdl.WsdlRequest@request-headers">&lt;xml-fragment/></con:setting>
        </con:settings>
        <con:endpoint>https://api.spotify.com</con:endpoint>
        <con:request/>
        <con:originalUri>https://api.spotify.com/v1/artists/4LLpKhyESsyAXpc4laK94U/top-tracks</con:originalUri>
        <con:assertion type="Valid HTTP Status Codes" id="256a8d5c-b667-480f-914d-c4ab2154221e" name="Valid HTTP Status Codes">
          <con:settings/>
          <con:configuration>
            <codes>200</codes>
          </con:configuration>
        </con:assertion>
        <con:assertion type="Response SLA Assertion" id="61c8b090-d1bc-46b7-b221-24597f6f1235" name="Response SLA">
          <con:configuration>
            <SLA>200</SLA>
          </con:configuration>
        </con:assertion>
        <con:credentials>
          <con:selectedAuthProfile>Inherit From Parent</con:selectedAuthProfile>
          <con:authType>No Authorization</con:authType>
        </con:credentials>
        <con:jmsConfig JMSDeliveryMode="PERSISTENT"/>
        <con:parameters>
          <con:entry key="market" value="OU"/>
          <con:entry key="id" value="4LLpKhyESsyAXpc4laK94U"/>
        </con:parameters>
        <con:parameterOrder>
          <con:entry>id</con:entry>
          <con:entry>market</con:entry>
        </con:parameterOrder>
        <con:environmentSpec>
          <con:entry environmentId="fcd6baa0-6318-4866-8e60-77015c7d6f90">
            <con:authProfile>Sam_Auth</con:authProfile>
          </con:entry>
          <con:entry environmentId="65e7fecd-12ef-48f2-9332-8304cb881123">
            <con:authProfile>Sam_Auth</con:authProfile>
          </con:entry>
          <con:entry environmentId="d620f373-fa44-4949-97ea-b813003dd3e8">
            <con:authProfile>Inherit From Parent</con:authProfile>
          </con:entry>
          <con:entry environmentId="0c81de72-7761-426f-a33f-31e9f3406cdd">
            <con:authProfile>Samuel1</con:authProfile>
          </con:entry>
          <con:entry environmentId="ddaf92d0-02d9-4241-a8ee-5df6b1c96e08">
            <con:authProfile>Inherit From Parent</con:authProfile>
          </con:entry>
        </con:environmentSpec>
      </con:restRequest>
    </con:config>
  </con:testStep>
  <con:properties/>
  <con:reportParameters/>
</con:testCase>
