<?xml version="1.0" encoding="UTF-8"?>
<con:testCase discardOkResults="false" failOnError="false" failTestCaseOnErrors="false" id="720982e8-5998-4126-bde7-254f55ca99a1" keepSession="false" name="Test Case 2" searchProperties="true" timeout="0" xmlns:con="http://eviware.com/soapui/config">
  <con:settings>
    <con:setting id="720982e8-5998-4126-bde7-254f55ca99a1fileName">Test-Case-2</con:setting>
  </con:settings>
  <con:testStep id="48b8040e-0636-4f75-a1b6-58457277626a" name="Method 1 - Request 1" type="restrequest">
    <con:settings/>
    <con:config xsi:type="con:RestRequestStep" methodName="Method 1" resourcePath="/v1/browse/new-releases" service="Spotify API" xmlns:xsi="http://www.w3.org/2001/XMLSchema-instance">
      <con:restRequest id="6980786a-54ed-4526-8f2a-9f07275b0341" mediaType="application/json" name="Method 1 - Request 1">
        <con:settings>
          <con:setting id="com.eviware.soapui.impl.wsdl.WsdlRequest@request-headers">&lt;xml-fragment/></con:setting>
        </con:settings>
        <con:endpoint>https://api.spotify.com</con:endpoint>
        <con:request/>
        <con:originalUri>https://api.spotify.com/v1/browse/new-releases</con:originalUri>
        <con:credentials>
          <con:selectedAuthProfile>Inherit From Parent</con:selectedAuthProfile>
          <con:authType>No Authorization</con:authType>
        </con:credentials>
        <con:jmsConfig JMSDeliveryMode="PERSISTENT"/>
        <con:parameters>
          <con:entry key="market" value="US"/>
          <con:entry key="limit" value="3"/>
        </con:parameters>
        <con:parameterOrder>
          <con:entry>limit</con:entry>
          <con:entry>market</con:entry>
        </con:parameterOrder>
        <con:environmentSpec>
          <con:entry environmentId="fcd6baa0-6318-4866-8e60-77015c7d6f90">
            <con:authProfile>Sam_Auth</con:authProfile>
          </con:entry>
          <con:entry environmentId="65e7fecd-12ef-48f2-9332-8304cb881123">
            <con:authProfile>Sam_Auth</con:authProfile>
          </con:entry>
          <con:entry environmentId="d620f373-fa44-4949-97ea-b813003dd3e8">
            <con:authProfile>Inherit From Parent</con:authProfile>
          </con:entry>
          <con:entry environmentId="0c81de72-7761-426f-a33f-31e9f3406cdd">
            <con:authProfile>Samuel1</con:authProfile>
          </con:entry>
          <con:entry environmentId="ddaf92d0-02d9-4241-a8ee-5df6b1c96e08">
            <con:authProfile>Inherit From Parent</con:authProfile>
          </con:entry>
        </con:environmentSpec>
      </con:restRequest>
    </con:config>
  </con:testStep>
  <con:properties/>
  <con:reportParameters/>
</con:testCase>
